# JRE version: Java(TM) SE Runtime Environment (17.0.12+8) (build 17.0.12+8-LTS-286)
# Java VM: Java HotSpot(TM) 64-Bit Server VM (17.0.12+8-LTS-286, mixed mode, sharing, tiered, compressed oops, compressed class ptrs, g1 gc, windows-amd64)
GC Precious Log:
 CPUs: 8 total, 8 available
 Memory: 14269M
 Large Page Support: Disabled
 NUMA Support: Disabled
 Compressed Oops: Enabled (Zero based)
 Heap Region Size: 2M
 Heap Min Capacity: 8M
 Heap Initial Capacity: 224M
 Heap Max Capacity: 4G
 Pre-touch: Disabled
 Parallel Workers: 8
 Concurrent Workers: 2
 Concurrent Refinement Workers: 8
 Periodic GC: Disabled
Heap:
 garbage-first heap   total 286720K, used 221615K [0x0000000700000000, 0x0000000800000000)
  region size 2048K, 61 young (124928K), 1 survivors (2048K)
 Metaspace       used 80573K, committed 81408K, reserved 557056K
  class space    used 11269K, committed 11648K, reserved 425984K
GC Heap History (20 events):
Event: 14.342 GC heap before
{Heap before GC invocations=29 (full 0):
 garbage-first heap   total 135168K, used 98611K [0x0000000700000000, 0x0000000800000000)
  region size 2048K, 15 young (30720K), 1 survivors (2048K)
 Metaspace       used 62313K, committed 62976K, reserved 491520K
  class space    used 8869K, committed 9216K, reserved 425984K
}
Event: 14.346 GC heap after
{Heap after GC invocations=30 (full 0):
 garbage-first heap   total 135168K, used 73529K [0x0000000700000000, 0x0000000800000000)
  region size 2048K, 2 young (4096K), 2 survivors (4096K)
 Metaspace       used 62313K, committed 62976K, reserved 491520K
  class space    used 8869K, committed 9216K, reserved 425984K
}
Event: 14.367 GC heap before
{Heap before GC invocations=30 (full 0):
 garbage-first heap   total 135168K, used 75577K [0x0000000700000000, 0x0000000800000000)
  region size 2048K, 3 young (6144K), 2 survivors (4096K)
 Metaspace       used 62384K, committed 63040K, reserved 491520K
  class space    used 8878K, committed 9216K, reserved 425984K
}
Event: 14.373 GC heap after
{Heap after GC invocations=31 (full 0):
 garbage-first heap   total 135168K, used 74397K [0x0000000700000000, 0x0000000800000000)
  region size 2048K, 1 young (2048K), 1 survivors (2048K)
 Metaspace       used 62384K, committed 63040K, reserved 491520K
  class space    used 8878K, committed 9216K, reserved 425984K
}
Event: 14.696 GC heap before
{Heap before GC invocations=31 (full 0):
 garbage-first heap   total 135168K, used 101021K [0x0000000700000000, 0x0000000800000000)
  region size 2048K, 14 young (28672K), 1 survivors (2048K)
 Metaspace       used 64285K, committed 64960K, reserved 491520K
  class space    used 9133K, committed 9472K, reserved 425984K
}
Event: 14.698 GC heap after
{Heap after GC invocations=32 (full 0):
 garbage-first heap   total 135168K, used 75911K [0x0000000700000000, 0x0000000800000000)
  region size 2048K, 2 young (4096K), 2 survivors (4096K)
 Metaspace       used 64285K, committed 64960K, reserved 491520K
  class space    used 9133K, committed 9472K, reserved 425984K
}
Event: 15.158 GC heap before
{Heap before GC invocations=33 (full 0):
 garbage-first heap   total 137216K, used 102535K [0x0000000700000000, 0x0000000800000000)
  region size 2048K, 15 young (30720K), 2 survivors (4096K)
 Metaspace       used 66688K, committed 67392K, reserved 491520K
  class space    used 9394K, committed 9728K, reserved 425984K
}
Event: 15.161 GC heap after
{Heap after GC invocations=34 (full 0):
 garbage-first heap   total 137216K, used 76798K [0x0000000700000000, 0x0000000800000000)
  region size 2048K, 2 young (4096K), 2 survivors (4096K)
 Metaspace       used 66688K, committed 67392K, reserved 491520K
  class space    used 9394K, committed 9728K, reserved 425984K
}
Event: 15.876 GC heap before
{Heap before GC invocations=34 (full 0):
 garbage-first heap   total 137216K, used 103422K [0x0000000700000000, 0x0000000800000000)
  region size 2048K, 16 young (32768K), 2 survivors (4096K)
 Metaspace       used 68668K, committed 69312K, reserved 491520K
  class space    used 9617K, committed 9920K, reserved 425984K
}
Event: 15.880 GC heap after
{Heap after GC invocations=35 (full 0):
 garbage-first heap   total 137216K, used 83750K [0x0000000700000000, 0x0000000800000000)
  region size 2048K, 2 young (4096K), 2 survivors (4096K)
 Metaspace       used 68668K, committed 69312K, reserved 491520K
  class space    used 9617K, committed 9920K, reserved 425984K
}
Event: 16.663 GC heap before
{Heap before GC invocations=36 (full 0):
 garbage-first heap   total 143360K, used 106278K [0x0000000700000000, 0x0000000800000000)
  region size 2048K, 14 young (28672K), 2 survivors (4096K)
 Metaspace       used 70187K, committed 70912K, reserved 491520K
  class space    used 9832K, committed 10176K, reserved 425984K
}
Event: 16.667 GC heap after
{Heap after GC invocations=37 (full 0):
 garbage-first heap   total 143360K, used 84346K [0x0000000700000000, 0x0000000800000000)
  region size 2048K, 2 young (4096K), 2 survivors (4096K)
 Metaspace       used 70187K, committed 70912K, reserved 491520K
  class space    used 9832K, committed 10176K, reserved 425984K
}
Event: 16.717 GC heap before
{Heap before GC invocations=37 (full 0):
 garbage-first heap   total 143360K, used 86394K [0x0000000700000000, 0x0000000800000000)
  region size 2048K, 3 young (6144K), 2 survivors (4096K)
 Metaspace       used 70330K, committed 71040K, reserved 491520K
  class space    used 9847K, committed 10176K, reserved 425984K
}
Event: 16.721 GC heap after
{Heap after GC invocations=38 (full 0):
 garbage-first heap   total 143360K, used 84130K [0x0000000700000000, 0x0000000800000000)
  region size 2048K, 1 young (2048K), 1 survivors (2048K)
 Metaspace       used 70330K, committed 71040K, reserved 491520K
  class space    used 9847K, committed 10176K, reserved 425984K
}
Event: 17.384 GC heap before
{Heap before GC invocations=38 (full 0):
 garbage-first heap   total 143360K, used 112802K [0x0000000700000000, 0x0000000800000000)
  region size 2048K, 15 young (30720K), 1 survivors (2048K)
 Metaspace       used 72292K, committed 72960K, reserved 491520K
  class space    used 10087K, committed 10432K, reserved 425984K
}
Event: 17.388 GC heap after
{Heap after GC invocations=39 (full 0):
 garbage-first heap   total 286720K, used 85540K [0x0000000700000000, 0x0000000800000000)
  region size 2048K, 1 young (2048K), 1 survivors (2048K)
 Metaspace       used 72292K, committed 72960K, reserved 491520K
  class space    used 10087K, committed 10432K, reserved 425984K
}
Event: 19.799 GC heap before
{Heap before GC invocations=40 (full 0):
 garbage-first heap   total 286720K, used 218660K [0x0000000700000000, 0x0000000800000000)
  region size 2048K, 64 young (131072K), 1 survivors (2048K)
 Metaspace       used 78020K, committed 78784K, reserved 557056K
  class space    used 10961K, committed 11328K, reserved 425984K
}
Event: 19.809 GC heap after
{Heap after GC invocations=41 (full 0):
 garbage-first heap   total 286720K, used 96735K [0x0000000700000000, 0x0000000800000000)
  region size 2048K, 5 young (10240K), 5 survivors (10240K)
 Metaspace       used 78020K, committed 78784K, reserved 557056K
  class space    used 10961K, committed 11328K, reserved 425984K
}
Event: 19.880 GC heap before
{Heap before GC invocations=41 (full 0):
 garbage-first heap   total 286720K, used 98783K [0x0000000700000000, 0x0000000800000000)
  region size 2048K, 7 young (14336K), 5 survivors (10240K)
 Metaspace       used 78066K, committed 78912K, reserved 557056K
  class space    used 10968K, committed 11392K, reserved 425984K
}
Event: 19.889 GC heap after
{Heap after GC invocations=42 (full 0):
 garbage-first heap   total 286720K, used 96687K [0x0000000700000000, 0x0000000800000000)
  region size 2048K, 1 young (2048K), 1 survivors (2048K)
 Metaspace       used 78066K, committed 78912K, reserved 557056K
  class space    used 10968K, committed 11392K, reserved 425984K
}

